<?xml version="1.0" encoding="UTF-8"?>
<!-- Generated by org.testng.reporters.JUnitReportReporter -->
<testsuite hostname="VENKAVISH-MBP" failures="0" tests="1" name="tests.Test1_Successful_Payment_Scenario" time="18.393" errors="0" timestamp="2021-08-19T16:30:14 PDT" skipped="0">
  <testcase classname="tests.Test1_Successful_Payment_Scenario" name="paymentFlowShouldBeSuccessful" time="18.393"/>
</testsuite> <!-- tests.Test1_Successful_Payment_Scenario -->
